TN:
SF:src/Staking.sol
DA:30,11
FN:30,StakingRewards.constructor
FNDA:11,StakingRewards.constructor
DA:31,11
DA:32,11
DA:33,11
DA:36,9
FN:36,StakingRewards.onlyOwner
FNDA:9,StakingRewards.onlyOwner
DA:37,9
BRDA:37,0,0,1
BRDA:37,0,1,7
DA:41,2
FN:41,StakingRewards.updateReward
FNDA:2,StakingRewards.updateReward
DA:42,2
DA:43,2
DA:45,2
BRDA:45,1,0,2
DA:46,2
DA:47,2
DA:53,2
FN:53,StakingRewards.lastTimeRewardApplicable
FNDA:2,StakingRewards.lastTimeRewardApplicable
DA:54,37
DA:57,2
FN:57,StakingRewards.rewardPerToken
FNDA:2,StakingRewards.rewardPerToken
DA:58,37
BRDA:58,2,0,22
DA:59,22
DA:62,15
DA:65,6
FN:65,StakingRewards.stake
FNDA:6,StakingRewards.stake
DA:66,6
BRDA:66,3,0,1
BRDA:66,3,1,5
DA:67,5
DA:68,5
DA:69,5
DA:72,2
FN:72,StakingRewards.withdraw
FNDA:2,StakingRewards.withdraw
DA:73,2
BRDA:73,4,0,1
BRDA:73,4,1,1
DA:74,1
DA:75,1
DA:76,1
DA:79,4
FN:79,StakingRewards.earned
FNDA:4,StakingRewards.earned
DA:80,15
DA:81,15
DA:84,3
FN:84,StakingRewards.getReward
FNDA:3,StakingRewards.getReward
DA:85,3
DA:86,3
BRDA:86,5,0,2
DA:87,2
DA:88,2
DA:92,8
FN:92,StakingRewards.setRewardsDuration
FNDA:8,StakingRewards.setRewardsDuration
DA:93,7
BRDA:93,6,0,1
BRDA:93,6,1,6
DA:94,6
DA:97,9
FN:97,StakingRewards.notifyRewardAmount
FNDA:9,StakingRewards.notifyRewardAmount
DA:98,9
BRDA:98,7,0,8
BRDA:98,7,1,1
DA:99,8
DA:101,1
DA:102,1
DA:105,9
BRDA:105,8,0,1
BRDA:105,8,1,8
DA:106,8
BRDA:106,9,0,1
BRDA:106,9,1,7
DA:108,7
DA:109,7
DA:112,37
FN:112,StakingRewards._min
FNDA:37,StakingRewards._min
DA:113,37
FNF:12
FNH:12
LF:50
LH:50
BRF:17
BRH:17
end_of_record
